loadIndex ../udic4_3/biLD.idx fail
loadIndex ../udic4_3/biAD.idx fail
failed load Hlxcfg.txt
tried dir = C:\Users\User\dev\anaconda3\envs\tokenizer\lib\Hlxcfg.txt
current wk_dir = C:\Users\User\dev\anaconda3\envs\tokenizer\python.exe
failed load Hlxcfg.txt
tried dir = C:\Users\User\dev\anaconda3\envs\tokenizer\lib\Hlxcfg.txt
current wk_dir = C:\Users\User\dev\anaconda3\envs\tokenizer\python.exe
failed load Hlxcfg.txt
tried dir = C:\Users\User\dev\anaconda3\envs\tokenizer\lib\Hlxcfg.txt
current wk_dir = C:\Users\User\dev\anaconda3\envs\tokenizer\python.exe
failed load Hlxcfg.txt
tried dir = C:\Users\User\dev\anaconda3\envs\tokenizer\lib\Hlxcfg.txt
current wk_dir = C:\Users\User\dev\anaconda3\envs\tokenizer\python.exe
failed load Hlxcfg.txt
tried dir = C:\Users\User\dev\anaconda3\envs\tokenizer\lib\Hlxcfg.txt
current wk_dir = C:\Users\User\dev\anaconda3\envs\tokenizer\python.exe
failed load Hlxcfg.txt
tried dir = C:\Users\User\dev\anaconda3\envs\tokenizer\lib\Hlxcfg.txt
current wk_dir = C:\Users\User\dev\anaconda3\envs\tokenizer\python.exe
failed load Hlxcfg.txt
tried dir = C:\Users\User\dev\anaconda3\envs\tokenizer\lib\Hlxcfg.txt
current wk_dir = C:\Users\User\dev\anaconda3\envs\tokenizer\python.exe
failed load Hlxcfg.txt
tried dir = C:\Users\User\dev\anaconda3\envs\tokenizer\lib\Hlxcfg.txt
current wk_dir = C:\Users\User\dev\anaconda3\envs\tokenizer\python.exe
failed load Hlxcfg.txt
tried dir = C:\Users\User\dev\anaconda3\envs\tokenizer\lib\Hlxcfg.txt
current wk_dir = C:\Users\User\dev\anaconda3\envs\tokenizer\python.exe
failed load Hlxcfg.txt
tried dir = C:\Users\User\pikurate\tokenizer\utagger_delay_2018_10_31\Hlxcfg.txt
current wk_dir = C:\Users\User\dev\anaconda3\envs\tokenizer\python.exe
failed load Hlxcfg.txt
tried dir = C:\Users\User\pikurate\tokenizer\utagger_delay_2018_10_31\Hlxcfg.txt
current wk_dir = C:\Users\User\dev\anaconda3\envs\tokenizer\python.exe
failed load Hlxcfg.txt
tried dir = C:\Users\User\pikurate\tokenizer\utagger_delay_2018_10_31\Hlxcfg.txt
current wk_dir = C:\Users\User\dev\anaconda3\envs\tokenizer\python.exe
